<?xml version="1.0" encoding="UTF-8"?>
<!-- Generated by org.testng.reporters.JUnitReportReporter -->
<testsuite hostname="LAPTOP-OTKG6CRM" failures="0" tests="1" name="com.reportsMercury.Prog.MercuryRegisterTest" time="2.727" errors="0" timestamp="2023-04-07T23:29:00 AST" skipped="0">
  <testcase classname="com.reportsMercury.Prog.MercuryRegisterTest" name="registerUser" time="2.727"/>
  <system-out/>
</testsuite> <!-- com.reportsMercury.Prog.MercuryRegisterTest -->
